<?xml version="1.0" encoding="UTF-8"?>
<testsuite xmlns:xsi="http://www.w3.org/2001/XMLSchema-instance" xsi:noNamespaceSchemaLocation="https://maven.apache.org/surefire/maven-surefire-plugin/xsd/surefire-test-report-3.0.xsd" version="3.0" name="TestSuite" time="0.61" tests="11" errors="0" skipped="7" failures="4">
  <properties>
[...]
</properties>
  <testcase name="testDoSearchForBelt" classname="testhome.TestHomePage" time="0.317">
    <failure message="&#10;Method public void testhome.TestHomePage.testDoSearchForBelt() requires a @DataProvider named : Belt" type="org.testng.TestNGException">org.testng.TestNGException: 

Method public void testhome.TestHomePage.testDoSearchForBelt() requires a @DataProvider named : Belt
</failure>
    <system-out><![CDATA[Extent Report Directory/Users/sbhuiyan/Desktop/WebAutomationFramwork_WeekDaysEvening_SeleniumDecember2019/WebAutomationFramwork_WeekDaysEvening_SeleniumDecember2019/Amazon/target/surefire-reports/html
]]></system-out>
    <system-err><![CDATA[Feb 02, 2020 3:15:53 PM com.relevantcodes.extentreports.ExtentReports loadConfig
WARNING: Unable to perform report configuration. The file /Users/sbhuiyan/Desktop/WebAutomationFramwork_WeekDaysEvening_SeleniumDecember2019/WebAutomationFramwork_WeekDaysEvening_SeleniumDecember2019/Amazon/report-config.xml was not found.
[Utils] [ERROR] [Error] org.testng.TestNGException: 
Method public void testhome.TestHomePage.testDoSearchForBelt() requires a @DataProvider named : Belt
	at org.testng.internal.Parameters.findDataProvider(Parameters.java:563)
	at org.testng.internal.Parameters.handleParameters(Parameters.java:776)
	at org.testng.internal.Parameters.handleParameters(Parameters.java:744)
	at org.testng.internal.ParameterHandler.handleParameters(ParameterHandler.java:59)
	at org.testng.internal.ParameterHandler.createParameters(ParameterHandler.java:38)
	at org.testng.internal.TestInvoker$MethodInvocationAgent.invoke(TestInvoker.java:783)
	at org.testng.internal.TestInvoker.invokeTestMethods(TestInvoker.java:146)
	at org.testng.internal.TestMethodWorker.invokeTestMethods(TestMethodWorker.java:146)
	at org.testng.internal.TestMethodWorker.run(TestMethodWorker.java:128)
	at java.base/java.util.ArrayList.forEach(ArrayList.java:1507)
	at org.testng.TestRunner.privateRun(TestRunner.java:766)
	at org.testng.TestRunner.run(TestRunner.java:587)
	at org.testng.SuiteRunner.runTest(SuiteRunner.java:384)
	at org.testng.SuiteRunner.runSequentially(SuiteRunner.java:378)
	at org.testng.SuiteRunner.privateRun(SuiteRunner.java:337)
	at org.testng.SuiteRunner.run(SuiteRunner.java:286)
	at org.testng.SuiteRunnerWorker.runSuite(SuiteRunnerWorker.java:53)
	at org.testng.SuiteRunnerWorker.run(SuiteRunnerWorker.java:96)
	at org.testng.TestNG.runSuitesSequentially(TestNG.java:1187)
	at org.testng.TestNG.runSuitesLocally(TestNG.java:1109)
	at org.testng.TestNG.runSuites(TestNG.java:1039)
	at org.testng.TestNG.run(TestNG.java:1007)
	at org.apache.maven.surefire.testng.TestNGExecutor.run(TestNGExecutor.java:283)
	at org.apache.maven.surefire.testng.TestNGXmlTestSuite.execute(TestNGXmlTestSuite.java:75)
	at org.apache.maven.surefire.testng.TestNGProvider.invoke(TestNGProvider.java:120)
	at org.apache.maven.surefire.booter.ForkedBooter.invokeProviderInSameClassLoader(ForkedBooter.java:384)
	at org.apache.maven.surefire.booter.ForkedBooter.runSuitesInProcess(ForkedBooter.java:345)
	at org.apache.maven.surefire.booter.ForkedBooter.execute(ForkedBooter.java:126)
	at org.apache.maven.surefire.booter.ForkedBooter.main(ForkedBooter.java:418)

]]></system-err>
  </testcase>
  <testcase name="setUp" classname="testhome.TestHomePage" time="0.351">
    <failure message="The driver is not executable: /Users/sbhuiyan/Desktop/WebAutomationFramwork_WeekDaysEvening_SeleniumDecember2019/WebAutomationFramwork_WeekDaysEvening_SeleniumDecember2019/Amazon/../Generic/BrowserDriver/windows/chromedriver.exe" type="java.lang.IllegalStateException">java.lang.IllegalStateException: The driver is not executable: /Users/sbhuiyan/Desktop/WebAutomationFramwork_WeekDaysEvening_SeleniumDecember2019/WebAutomationFramwork_WeekDaysEvening_SeleniumDecember2019/Amazon/../Generic/BrowserDriver/windows/chromedriver.exe
</failure>
  </testcase>
  <testcase name="setUp" classname="testhome.TestHomePage" time="0">
    <skipped/>
  </testcase>
  <testcase name="startExtent" classname="testhome.TestHomePage" time="0">
    <skipped/>
  </testcase>
  <testcase name="startExtent" classname="testhome.TestHomePage" time="0">
    <skipped/>
  </testcase>
  <testcase name="testDoSearch" classname="testhome.TestHomePage" time="0">
    <skipped message="The driver is not executable: /Users/sbhuiyan/Desktop/WebAutomationFramwork_WeekDaysEvening_SeleniumDecember2019/WebAutomationFramwork_WeekDaysEvening_SeleniumDecember2019/Amazon/../Generic/BrowserDriver/windows/chromedriver.exe"/>
  </testcase>
  <testcase name="afterEachTestMethod" classname="testhome.TestHomePage" time="0">
    <skipped/>
  </testcase>
  <testcase name="afterEachTestMethod" classname="testhome.TestHomePage" time="0">
    <skipped/>
  </testcase>
  <testcase name="cleanUp" classname="testhome.TestHomePage" time="0.001">
    <failure type="java.lang.NullPointerException">java.lang.NullPointerException
</failure>
  </testcase>
  <testcase name="cleanUp" classname="testhome.TestHomePage" time="0.001">
    <failure type="java.lang.NullPointerException">java.lang.NullPointerException
</failure>
  </testcase>
  <testcase name="testDoSearchForTshirt" classname="testhome.TestHomePage" time="0">
    <skipped/>
  </testcase>
</testsuite>