<?xml version="1.0" encoding="UTF-8"?>
<testng-results ignored="0" total="1" passed="1" failed="0" skipped="0">
  <reporter-output>
    <line>
      <![CDATA[Extent Report Directory/Users/sbhuiyan/AllMyPntWorkFiles/programs/IdeaProjects/Team3_WebAutomationFrameWork/ATNT/target/surefire-reports/html]]>
    </line>
  </reporter-output>
  <suite started-at="2020-02-12T17:35:49 EST" name="ATNT Automation Script" finished-at="2020-02-12T17:36:08 EST" duration-ms="19323">
    <groups>
    </groups>
    <test started-at="2020-02-12T17:35:49 EST" name="ATNT Home" finished-at="2020-02-12T17:36:08 EST" duration-ms="19323">
      <class name="TestHome.TestHomePage">
        <test-method is-config="true" signature="extentSetup(org.testng.ITestContext)[pri:0, instance:TestHome.TestHomePage@57d5872c]" started-at="2020-02-12T17:35:44 EST" name="extentSetup" finished-at="2020-02-12T17:35:49 EST" duration-ms="5132" status="PASS">
          <params>
            <param index="0">
              <value>
                <![CDATA[org.testng.TestRunner@77b325b3]]>
              </value>
            </param>
          </params>
          <reporter-output>
            <line>
              <![CDATA[Extent Report Directory/Users/sbhuiyan/AllMyPntWorkFiles/programs/IdeaProjects/Team3_WebAutomationFrameWork/ATNT/target/surefire-reports/html]]>
            </line>
          </reporter-output>
        </test-method> <!-- extentSetup -->
        <test-method is-config="true" signature="setUp(boolean, java.lang.String, java.lang.String, java.lang.String, java.lang.String, java.lang.String, java.lang.String)[pri:0, instance:TestHome.TestHomePage@57d5872c]" started-at="2020-02-12T17:35:49 EST" name="setUp" finished-at="2020-02-12T17:35:56 EST" duration-ms="7087" status="PASS">
          <params>
            <param index="0">
              <value>
                <![CDATA[false]]>
              </value>
            </param>
            <param index="1">
              <value>
                <![CDATA[browserstack]]>
              </value>
            </param>
            <param index="2">
              <value>
                <![CDATA[windows]]>
              </value>
            </param>
            <param index="3">
              <value>
                <![CDATA[10]]>
              </value>
            </param>
            <param index="4">
              <value>
                <![CDATA[chrome]]>
              </value>
            </param>
            <param index="5">
              <value>
                <![CDATA[79]]>
              </value>
            </param>
            <param index="6">
              <value>
                <![CDATA[https://www.att.com]]>
              </value>
            </param>
          </params>
          <reporter-output>
          </reporter-output>
        </test-method> <!-- setUp -->
        <test-method is-config="true" signature="startExtent(java.lang.reflect.Method)[pri:0, instance:TestHome.TestHomePage@57d5872c]" started-at="2020-02-12T17:35:56 EST" name="startExtent" finished-at="2020-02-12T17:35:56 EST" duration-ms="3" status="PASS">
          <params>
            <param index="0">
              <value>
                <![CDATA[public void TestHome.TestHomePage.testClickOnPhonesButton() throws java.lang.InterruptedException]]>
              </value>
            </param>
          </params>
          <reporter-output>
          </reporter-output>
        </test-method> <!-- startExtent -->
        <test-method signature="testClickOnPhonesButton()[pri:9, instance:TestHome.TestHomePage@57d5872c]" started-at="2020-02-12T17:35:56 EST" name="testClickOnPhonesButton" finished-at="2020-02-12T17:36:08 EST" duration-ms="11905" status="PASS">
          <reporter-output>
          </reporter-output>
        </test-method> <!-- testClickOnPhonesButton -->
        <test-method is-config="true" signature="afterEachTestMethod(org.testng.ITestResult)[pri:0, instance:TestHome.TestHomePage@57d5872c]" started-at="2020-02-12T17:36:08 EST" name="afterEachTestMethod" finished-at="2020-02-12T17:36:08 EST" duration-ms="311" status="PASS">
          <params>
            <param index="0">
              <value>
                <![CDATA[[TestResult name=testClickOnPhonesButton status=SUCCESS method=TestHomePage.testClickOnPhonesButton()[pri:9, instance:TestHome.TestHomePage@57d5872c] output={null}]]]>
              </value>
            </param>
          </params>
          <reporter-output>
          </reporter-output>
        </test-method> <!-- afterEachTestMethod -->
        <test-method is-config="true" signature="cleanUp()[pri:0, instance:TestHome.TestHomePage@57d5872c]" started-at="2020-02-12T17:36:08 EST" name="cleanUp" finished-at="2020-02-12T17:36:08 EST" duration-ms="1" status="PASS">
          <reporter-output>
          </reporter-output>
        </test-method> <!-- cleanUp -->
        <test-method is-config="true" signature="generateReport()[pri:0, instance:TestHome.TestHomePage@57d5872c]" started-at="2020-02-12T17:36:13 EST" name="generateReport" finished-at="2020-02-12T17:36:13 EST" duration-ms="29" status="PASS">
          <reporter-output>
          </reporter-output>
        </test-method> <!-- generateReport -->
      </class> <!-- TestHome.TestHomePage -->
    </test> <!-- ATNT Home -->
  </suite> <!-- ATNT Automation Script -->
</testng-results>
